slurmstepd: error: slurm_get_node_energy: Zero Bytes were transmitted or received
slurmstepd: error: _get_joules_task: can't get info from slurmd
mkdir: cannot create directory ‘resultsdump/job_taus40d200_18297940’: File exists
mkdir: cannot create directory ‘resultsdump/job_taus40d200_18297940/pickles’: File exists
mkdir: cannot create directory ‘resultsdump/job_taus40d200_18297940/errors’: File exists
slurmstepd: error: slurm_get_node_energy: Zero Bytes were transmitted or received
slurmstepd: error: _get_joules_task: can't get info from slurmd
slurmstepd: error: slurm_get_node_energy: Zero Bytes were transmitted or received
slurmstepd: error: _get_joules_task: can't get info from slurmd
slurmstepd: error: slurm_get_node_energy: Zero Bytes were transmitted or received
slurmstepd: error: _get_joules_task: can't get info from slurmd
slurmstepd: error: slurm_get_node_energy: Zero Bytes were transmitted or received
slurmstepd: error: _get_joules_task: can't get info from slurmd
slurmstepd: error: slurm_get_node_energy: Zero Bytes were transmitted or received
slurmstepd: error: _get_joules_task: can't get info from slurmd
slurmstepd: error: slurm_get_node_energy: Zero Bytes were transmitted or received
slurmstepd: error: _get_joules_task: can't get info from slurmd
slurmstepd: error: slurm_get_node_energy: Zero Bytes were transmitted or received
slurmstepd: error: _get_joules_task: can't get info from slurmd
slurmstepd: error: slurm_get_node_energy: Zero Bytes were transmitted or received
slurmstepd: error: _get_joules_task: can't get info from slurmd
slurmstepd: error: slurm_get_node_energy: Zero Bytes were transmitted or received
slurmstepd: error: _get_joules_task: can't get info from slurmd
slurmstepd: error: slurm_get_node_energy: Zero Bytes were transmitted or received
slurmstepd: error: _get_joules_task: can't get info from slurmd
slurmstepd: error: slurm_get_node_energy: Zero Bytes were transmitted or received
slurmstepd: error: _get_joules_task: can't get info from slurmd
slurmstepd: error: slurm_get_node_energy: Zero Bytes were transmitted or received
slurmstepd: error: _get_joules_task: can't get info from slurmd
slurmstepd: error: slurm_get_node_energy: Zero Bytes were transmitted or received
slurmstepd: error: _get_joules_task: can't get info from slurmd
slurmstepd: error: slurm_get_node_energy: Zero Bytes were transmitted or received
slurmstepd: error: _get_joules_task: can't get info from slurmd
slurmstepd: error: slurm_get_node_energy: Zero Bytes were transmitted or received
slurmstepd: error: _get_joules_task: can't get info from slurmd
slurmstepd: error: slurm_get_node_energy: Zero Bytes were transmitted or received
slurmstepd: error: _get_joules_task: can't get info from slurmd
slurmstepd: error: slurm_get_node_energy: Zero Bytes were transmitted or received
slurmstepd: error: _get_joules_task: can't get info from slurmd
slurmstepd: error: *** JOB 18298644 ON holygpu7c0915 CANCELLED AT 2024-02-02T18:41:21 ***
slurmstepd: error: slurm_get_node_energy: Zero Bytes were transmitted or received
slurmstepd: error: _get_joules_task: can't get info from slurmd
